#
# A fatal error has been detected by the Java Runtime Environment:
#
#  Internal Error (./src/hotspot/share/oops/generateOopMap.cpp:2164), pid=41476, tid=19832
#  fatal error: Illegal class file encountered. Try running with -Xverify:all in method main
#
# JRE version: OpenJDK Runtime Environment (11.0.8) (build 11.0.8-internal+0-adhoc..jdk11u)
# Java VM: OpenJDK 64-Bit Server VM (11.0.8-internal+0-adhoc..jdk11u, mixed mode, tiered, compressed oops, g1 gc, windows-amd64)
# No core dump will be written. Minidumps are not enabled by default on client versions of Windows
#
# If you would like to submit a bug report, please visit:
#   https://bugreport.java.com/bugreport/crash.jsp
#

---------------  S U M M A R Y ------------

Command Line: -agentlib:jdwp=transport=dt_socket,suspend=y,address=localhost:55956 -javaagent:C:\Users\Sangjin Kim\eclipse\jee-2022-03\eclipse\configuration\org.eclipse.osgi\422\0\.cp\lib\javaagent-shaded.jar -Dfile.encoding=MS949 Main

Host: 11th Gen Intel(R) Core(TM) i7-1165G7 @ 2.80GHz, 8 cores, 15G,  Windows 10 , 64 bit Build 19041 (10.0.19041.1889)
Time: Mon Sep 19 15:40:09 2022 대한민국 표준시 elapsed time: 840 seconds (0d 0h 14m 0s)

---------------  T H R E A D  ---------------

Current thread (0x0000018486b8b800):  VMThread "VM Thread" [stack: 0x00000009e3200000,0x00000009e3300000] [id=19832]

Stack: [0x00000009e3200000,0x00000009e3300000]
[error occurred during error reporting (printing stack bounds), id 0xc0000005, EXCEPTION_ACCESS_VIOLATION (0xc0000005) at pc=0x00000184ea860f67]

Native frames: (J=compiled Java code, j=interpreted, Vv=VM code, C=native code)
V  [jvm.dll+0x5dfa5a]
V  [jvm.dll+0x7175ce]
V  [jvm.dll+0x718c9f]
V  [jvm.dll+0x7192c5]
V  [jvm.dll+0x71927b]
V  [jvm.dll+0x5df003]
V  [jvm.dll+0x5df708]
C  [ntdll.dll+0xa229f]
C  [ntdll.dll+0x51454]
C  [ntdll.dll+0xa0dce]
C  0x00000184ea860f67

VM_Operation (0x00000009e3cfefe0): GetOrSetLocal, mode: safepoint, requested by thread 0x00000184870e6800


---------------  P R O C E S S  ---------------

Threads class SMR info:
_java_thread_list=0x00000184870cc740, length=13, elements={
0x00000184e1fc9800, 0x0000018486b8e000, 0x0000018486bc2800, 0x0000018486c25000,
0x0000018486c27000, 0x0000018486c28800, 0x0000018486c31000, 0x0000018486c3a800,
0x0000018486da5000, 0x00000184870e6800, 0x00000184871d1800, 0x00000184871d3800,
0x0000018487103000
}

Java Threads: ( => current thread )
  0x00000184e1fc9800 JavaThread "main" [_thread_blocked, id=9156, stack(0x00000009e2c00000,0x00000009e2d00000)]
  0x0000018486b8e000 JavaThread "Reference Handler" daemon [_thread_blocked, id=32496, stack(0x00000009e3300000,0x00000009e3400000)]
  0x0000018486bc2800 JavaThread "Finalizer" daemon [_thread_blocked, id=39344, stack(0x00000009e3400000,0x00000009e3500000)]
  0x0000018486c25000 JavaThread "Signal Dispatcher" daemon [_thread_blocked, id=42268, stack(0x00000009e3500000,0x00000009e3600000)]
  0x0000018486c27000 JavaThread "Attach Listener" daemon [_thread_blocked, id=19336, stack(0x00000009e3600000,0x00000009e3700000)]
  0x0000018486c28800 JavaThread "C2 CompilerThread0" daemon [_thread_blocked, id=31752, stack(0x00000009e3700000,0x00000009e3800000)]
  0x0000018486c31000 JavaThread "C1 CompilerThread0" daemon [_thread_blocked, id=33500, stack(0x00000009e3800000,0x00000009e3900000)]
  0x0000018486c3a800 JavaThread "Sweeper thread" daemon [_thread_blocked, id=10388, stack(0x00000009e3900000,0x00000009e3a00000)]
  0x0000018486da5000 JavaThread "Common-Cleaner" daemon [_thread_blocked, id=32028, stack(0x00000009e3a00000,0x00000009e3b00000)]
  0x00000184870e6800 JavaThread "JDWP Transport Listener: dt_socket" daemon [_thread_blocked, id=42832, stack(0x00000009e3c00000,0x00000009e3d00000)] _threads_hazard_ptr=0x00000184870cc740
  0x00000184871d1800 JavaThread "JDWP Event Helper Thread" daemon [_thread_blocked, id=43840, stack(0x00000009e3d00000,0x00000009e3e00000)]
  0x00000184871d3800 JavaThread "JDWP Command Reader" daemon [_thread_in_native, id=24480, stack(0x00000009e3e00000,0x00000009e3f00000)]
  0x0000018487103000 JavaThread "Service Thread" daemon [_thread_blocked, id=30392, stack(0x00000009e3f00000,0x00000009e4000000)]

Other Threads:
=>0x0000018486b8b800 VMThread "VM Thread" [stack: 0x00000009e3200000,0x00000009e3300000] [id=19832]
  0x0000018487104000 WatcherThread [stack: 0x00000009e4000000,0x00000009e4100000] [id=43340]
  0x00000184e1fe5800 GCTaskThread "GC Thread#0" [stack: 0x00000009e2d00000,0x00000009e2e00000] [id=40168]
  0x00000184e203a000 ConcurrentGCThread "G1 Main Marker" [stack: 0x00000009e2e00000,0x00000009e2f00000] [id=40768]
  0x00000184e203e000 ConcurrentGCThread "G1 Conc#0" [stack: 0x00000009e2f00000,0x00000009e3000000] [id=18860]
  0x00000184861ee800 ConcurrentGCThread "G1 Refine#0" [stack: 0x00000009e3000000,0x00000009e3100000] [id=43496]
  0x00000184861ef800 ConcurrentGCThread "G1 Young RemSet Sampling" [stack: 0x00000009e3100000,0x00000009e3200000] [id=38028]

Threads with active compile tasks:

VM state:at safepoint (normal execution)

VM Mutex/Monitor currently owned by a thread:  ([mutex/lock_event])
[0x00000184e1fc5e40] Threads_lock - owner thread: 0x0000018486b8b800

Heap address: 0x0000000705000000, size: 4016 MB, Compressed Oops mode: Zero based, Oop shift amount: 3
Narrow klass base: 0x0000000800000000, Narrow klass shift: 0
Compressed class space size: 1073741824 Address: 0x0000000800000000

Heap:
 garbage-first heap   total 258048K, used 5120K [0x0000000705000000, 0x0000000800000000)
  region size 1024K, 6 young (6144K), 0 survivors (0K)
 Metaspace       used 8959K, capacity 9074K, committed 9344K, reserved 1058816K
  class space    used 783K, capacity 834K, committed 896K, reserved 1048576K
Heap Regions: E=young(eden), S=young(survivor), O=old, HS=humongous(starts), HC=humongous(continues), CS=collection set, F=free, A=archive, TAMS=top-at-mark-start (previous, next)
|   0|0x0000000705000000, 0x0000000705000000, 0x0000000705100000|  0%| F|  |TAMS 0x0000000705000000, 0x0000000705000000| Untracked 
|   1|0x0000000705100000, 0x0000000705100000, 0x0000000705200000|  0%| F|  |TAMS 0x0000000705100000, 0x0000000705100000| Untracked 
|   2|0x0000000705200000, 0x0000000705200000, 0x0000000705300000|  0%| F|  |TAMS 0x0000000705200000, 0x0000000705200000| Untracked 
|   3|0x0000000705300000, 0x0000000705300000, 0x0000000705400000|  0%| F|  |TAMS 0x0000000705300000, 0x0000000705300000| Untracked 
|   4|0x0000000705400000, 0x0000000705400000, 0x0000000705500000|  0%| F|  |TAMS 0x0000000705400000, 0x0000000705400000| Untracked 
|   5|0x0000000705500000, 0x0000000705500000, 0x0000000705600000|  0%| F|  |TAMS 0x0000000705500000, 0x0000000705500000| Untracked 
|   6|0x0000000705600000, 0x0000000705600000, 0x0000000705700000|  0%| F|  |TAMS 0x0000000705600000, 0x0000000705600000| Untracked 
|   7|0x0000000705700000, 0x0000000705700000, 0x0000000705800000|  0%| F|  |TAMS 0x0000000705700000, 0x0000000705700000| Untracked 
|   8|0x0000000705800000, 0x0000000705800000, 0x0000000705900000|  0%| F|  |TAMS 0x0000000705800000, 0x0000000705800000| Untracked 
|   9|0x0000000705900000, 0x0000000705900000, 0x0000000705a00000|  0%| F|  |TAMS 0x0000000705900000, 0x0000000705900000| Untracked 
|  10|0x0000000705a00000, 0x0000000705a00000, 0x0000000705b00000|  0%| F|  |TAMS 0x0000000705a00000, 0x0000000705a00000| Untracked 
|  11|0x0000000705b00000, 0x0000000705b00000, 0x0000000705c00000|  0%| F|  |TAMS 0x0000000705b00000, 0x0000000705b00000| Untracked 
|  12|0x0000000705c00000, 0x0000000705c00000, 0x0000000705d00000|  0%| F|  |TAMS 0x0000000705c00000, 0x0000000705c00000| Untracked 
|  13|0x0000000705d00000, 0x0000000705d00000, 0x0000000705e00000|  0%| F|  |TAMS 0x0000000705d00000, 0x0000000705d00000| Untracked 
|  14|0x0000000705e00000, 0x0000000705e00000, 0x0000000705f00000|  0%| F|  |TAMS 0x0000000705e00000, 0x0000000705e00000| Untracked 
|  15|0x0000000705f00000, 0x0000000705f00000, 0x0000000706000000|  0%| F|  |TAMS 0x0000000705f00000, 0x0000000705f00000| Untracked 
|  16|0x0000000706000000, 0x0000000706000000, 0x0000000706100000|  0%| F|  |TAMS 0x0000000706000000, 0x0000000706000000| Untracked 
|  17|0x0000000706100000, 0x0000000706100000, 0x0000000706200000|  0%| F|  |TAMS 0x0000000706100000, 0x0000000706100000| Untracked 
|  18|0x0000000706200000, 0x0000000706200000, 0x0000000706300000|  0%| F|  |TAMS 0x0000000706200000, 0x0000000706200000| Untracked 
|  19|0x0000000706300000, 0x0000000706300000, 0x0000000706400000|  0%| F|  |TAMS 0x0000000706300000, 0x0000000706300000| Untracked 
|  20|0x0000000706400000, 0x0000000706400000, 0x0000000706500000|  0%| F|  |TAMS 0x0000000706400000, 0x0000000706400000| Untracked 
|  21|0x0000000706500000, 0x0000000706500000, 0x0000000706600000|  0%| F|  |TAMS 0x0000000706500000, 0x0000000706500000| Untracked 
|  22|0x0000000706600000, 0x0000000706600000, 0x0000000706700000|  0%| F|  |TAMS 0x0000000706600000, 0x0000000706600000| Untracked 
|  23|0x0000000706700000, 0x0000000706700000, 0x0000000706800000|  0%| F|  |TAMS 0x0000000706700000, 0x0000000706700000| Untracked 
|  24|0x0000000706800000, 0x0000000706800000, 0x0000000706900000|  0%| F|  |TAMS 0x0000000706800000, 0x0000000706800000| Untracked 
|  25|0x0000000706900000, 0x0000000706900000, 0x0000000706a00000|  0%| F|  |TAMS 0x0000000706900000, 0x0000000706900000| Untracked 
|  26|0x0000000706a00000, 0x0000000706a00000, 0x0000000706b00000|  0%| F|  |TAMS 0x0000000706a00000, 0x0000000706a00000| Untracked 
|  27|0x0000000706b00000, 0x0000000706b00000, 0x0000000706c00000|  0%| F|  |TAMS 0x0000000706b00000, 0x0000000706b00000| Untracked 
|  28|0x0000000706c00000, 0x0000000706c00000, 0x0000000706d00000|  0%| F|  |TAMS 0x0000000706c00000, 0x0000000706c00000| Untracked 
|  29|0x0000000706d00000, 0x0000000706d00000, 0x0000000706e00000|  0%| F|  |TAMS 0x0000000706d00000, 0x0000000706d00000| Untracked 
|  30|0x0000000706e00000, 0x0000000706e00000, 0x0000000706f00000|  0%| F|  |TAMS 0x0000000706e00000, 0x0000000706e00000| Untracked 
|  31|0x0000000706f00000, 0x0000000706f00000, 0x0000000707000000|  0%| F|  |TAMS 0x0000000706f00000, 0x0000000706f00000| Untracked 
|  32|0x0000000707000000, 0x0000000707000000, 0x0000000707100000|  0%| F|  |TAMS 0x0000000707000000, 0x0000000707000000| Untracked 
|  33|0x0000000707100000, 0x0000000707100000, 0x0000000707200000|  0%| F|  |TAMS 0x0000000707100000, 0x0000000707100000| Untracked 
|  34|0x0000000707200000, 0x0000000707200000, 0x0000000707300000|  0%| F|  |TAMS 0x0000000707200000, 0x0000000707200000| Untracked 
|  35|0x0000000707300000, 0x0000000707300000, 0x0000000707400000|  0%| F|  |TAMS 0x0000000707300000, 0x0000000707300000| Untracked 
|  36|0x0000000707400000, 0x0000000707400000, 0x0000000707500000|  0%| F|  |TAMS 0x0000000707400000, 0x0000000707400000| Untracked 
|  37|0x0000000707500000, 0x0000000707500000, 0x0000000707600000|  0%| F|  |TAMS 0x0000000707500000, 0x0000000707500000| Untracked 
|  38|0x0000000707600000, 0x0000000707600000, 0x0000000707700000|  0%| F|  |TAMS 0x0000000707600000, 0x0000000707600000| Untracked 
|  39|0x0000000707700000, 0x0000000707700000, 0x0000000707800000|  0%| F|  |TAMS 0x0000000707700000, 0x0000000707700000| Untracked 
|  40|0x0000000707800000, 0x0000000707800000, 0x0000000707900000|  0%| F|  |TAMS 0x0000000707800000, 0x0000000707800000| Untracked 
|  41|0x0000000707900000, 0x0000000707900000, 0x0000000707a00000|  0%| F|  |TAMS 0x0000000707900000, 0x0000000707900000| Untracked 
|  42|0x0000000707a00000, 0x0000000707a00000, 0x0000000707b00000|  0%| F|  |TAMS 0x0000000707a00000, 0x0000000707a00000| Untracked 
|  43|0x0000000707b00000, 0x0000000707b00000, 0x0000000707c00000|  0%| F|  |TAMS 0x0000000707b00000, 0x0000000707b00000| Untracked 
|  44|0x0000000707c00000, 0x0000000707c00000, 0x0000000707d00000|  0%| F|  |TAMS 0x0000000707c00000, 0x0000000707c00000| Untracked 
|  45|0x0000000707d00000, 0x0000000707d00000, 0x0000000707e00000|  0%| F|  |TAMS 0x0000000707d00000, 0x0000000707d00000| Untracked 
|  46|0x0000000707e00000, 0x0000000707e00000, 0x0000000707f00000|  0%| F|  |TAMS 0x0000000707e00000, 0x0000000707e00000| Untracked 
|  47|0x0000000707f00000, 0x0000000707f00000, 0x0000000708000000|  0%| F|  |TAMS 0x0000000707f00000, 0x0000000707f00000| Untracked 
|  48|0x0000000708000000, 0x0000000708000000, 0x0000000708100000|  0%| F|  |TAMS 0x0000000708000000, 0x0000000708000000| Untracked 
|  49|0x0000000708100000, 0x0000000708100000, 0x0000000708200000|  0%| F|  |TAMS 0x0000000708100000, 0x0000000708100000| Untracked 
|  50|0x0000000708200000, 0x0000000708200000, 0x0000000708300000|  0%| F|  |TAMS 0x0000000708200000, 0x0000000708200000| Untracked 
|  51|0x0000000708300000, 0x0000000708300000, 0x0000000708400000|  0%| F|  |TAMS 0x0000000708300000, 0x0000000708300000| Untracked 
|  52|0x0000000708400000, 0x0000000708400000, 0x0000000708500000|  0%| F|  |TAMS 0x0000000708400000, 0x0000000708400000| Untracked 
|  53|0x0000000708500000, 0x0000000708500000, 0x0000000708600000|  0%| F|  |TAMS 0x0000000708500000, 0x0000000708500000| Untracked 
|  54|0x0000000708600000, 0x0000000708600000, 0x0000000708700000|  0%| F|  |TAMS 0x0000000708600000, 0x0000000708600000| Untracked 
|  55|0x0000000708700000, 0x0000000708700000, 0x0000000708800000|  0%| F|  |TAMS 0x0000000708700000, 0x0000000708700000| Untracked 
|  56|0x0000000708800000, 0x0000000708800000, 0x0000000708900000|  0%| F|  |TAMS 0x0000000708800000, 0x0000000708800000| Untracked 
|  57|0x0000000708900000, 0x0000000708900000, 0x0000000708a00000|  0%| F|  |TAMS 0x0000000708900000, 0x0000000708900000| Untracked 
|  58|0x0000000708a00000, 0x0000000708a00000, 0x0000000708b00000|  0%| F|  |TAMS 0x0000000708a00000, 0x0000000708a00000| Untracked 
|  59|0x0000000708b00000, 0x0000000708b00000, 0x0000000708c00000|  0%| F|  |TAMS 0x0000000708b00000, 0x0000000708b00000| Untracked 
|  60|0x0000000708c00000, 0x0000000708c00000, 0x0000000708d00000|  0%| F|  |TAMS 0x0000000708c00000, 0x0000000708c00000| Untracked 
|  61|0x0000000708d00000, 0x0000000708d00000, 0x0000000708e00000|  0%| F|  |TAMS 0x0000000708d00000, 0x0000000708d00000| Untracked 
|  62|0x0000000708e00000, 0x0000000708e00000, 0x0000000708f00000|  0%| F|  |TAMS 0x0000000708e00000, 0x0000000708e00000| Untracked 
|  63|0x0000000708f00000, 0x0000000708f00000, 0x0000000709000000|  0%| F|  |TAMS 0x0000000708f00000, 0x0000000708f00000| Untracked 
|  64|0x0000000709000000, 0x0000000709000000, 0x0000000709100000|  0%| F|  |TAMS 0x0000000709000000, 0x0000000709000000| Untracked 
|  65|0x0000000709100000, 0x0000000709100000, 0x0000000709200000|  0%| F|  |TAMS 0x0000000709100000, 0x0000000709100000| Untracked 
|  66|0x0000000709200000, 0x0000000709200000, 0x0000000709300000|  0%| F|  |TAMS 0x0000000709200000, 0x0000000709200000| Untracked 
|  67|0x0000000709300000, 0x0000000709300000, 0x0000000709400000|  0%| F|  |TAMS 0x0000000709300000, 0x0000000709300000| Untracked 
|  68|0x0000000709400000, 0x0000000709400000, 0x0000000709500000|  0%| F|  |TAMS 0x0000000709400000, 0x0000000709400000| Untracked 
|  69|0x0000000709500000, 0x0000000709500000, 0x0000000709600000|  0%| F|  |TAMS 0x0000000709500000, 0x0000000709500000| Untracked 
|  70|0x0000000709600000, 0x0000000709600000, 0x0000000709700000|  0%| F|  |TAMS 0x0000000709600000, 0x0000000709600000| Untracked 
|  71|0x0000000709700000, 0x0000000709700000, 0x0000000709800000|  0%| F|  |TAMS 0x0000000709700000, 0x0000000709700000| Untracked 
|  72|0x0000000709800000, 0x0000000709800000, 0x0000000709900000|  0%| F|  |TAMS 0x0000000709800000, 0x0000000709800000| Untracked 
|  73|0x0000000709900000, 0x0000000709900000, 0x0000000709a00000|  0%| F|  |TAMS 0x0000000709900000, 0x0000000709900000| Untracked 
|  74|0x0000000709a00000, 0x0000000709a00000, 0x0000000709b00000|  0%| F|  |TAMS 0x0000000709a00000, 0x0000000709a00000| Untracked 
|  75|0x0000000709b00000, 0x0000000709b00000, 0x0000000709c00000|  0%| F|  |TAMS 0x0000000709b00000, 0x0000000709b00000| Untracked 
|  76|0x0000000709c00000, 0x0000000709c00000, 0x0000000709d00000|  0%| F|  |TAMS 0x0000000709c00000, 0x0000000709c00000| Untracked 
|  77|0x0000000709d00000, 0x0000000709d00000, 0x0000000709e00000|  0%| F|  |TAMS 0x0000000709d00000, 0x0000000709d00000| Untracked 
|  78|0x0000000709e00000, 0x0000000709e00000, 0x0000000709f00000|  0%| F|  |TAMS 0x0000000709e00000, 0x0000000709e00000| Untracked 
|  79|0x0000000709f00000, 0x0000000709f00000, 0x000000070a000000|  0%| F|  |TAMS 0x0000000709f00000, 0x0000000709f00000| Untracked 
|  80|0x000000070a000000, 0x000000070a000000, 0x000000070a100000|  0%| F|  |TAMS 0x000000070a000000, 0x000000070a000000| Untracked 
|  81|0x000000070a100000, 0x000000070a100000, 0x000000070a200000|  0%| F|  |TAMS 0x000000070a100000, 0x000000070a100000| Untracked 
|  82|0x000000070a200000, 0x000000070a200000, 0x000000070a300000|  0%| F|  |TAMS 0x000000070a200000, 0x000000070a200000| Untracked 
|  83|0x000000070a300000, 0x000000070a300000, 0x000000070a400000|  0%| F|  |TAMS 0x000000070a300000, 0x000000070a300000| Untracked 
|  84|0x000000070a400000, 0x000000070a400000, 0x000000070a500000|  0%| F|  |TAMS 0x000000070a400000, 0x000000070a400000| Untracked 
|  85|0x000000070a500000, 0x000000070a500000, 0x000000070a600000|  0%| F|  |TAMS 0x000000070a500000, 0x000000070a500000| Untracked 
|  86|0x000000070a600000, 0x000000070a600000, 0x000000070a700000|  0%| F|  |TAMS 0x000000070a600000, 0x000000070a600000| Untracked 
|  87|0x000000070a700000, 0x000000070a700000, 0x000000070a800000|  0%| F|  |TAMS 0x000000070a700000, 0x000000070a700000| Untracked 
|  88|0x000000070a800000, 0x000000070a800000, 0x000000070a900000|  0%| F|  |TAMS 0x000000070a800000, 0x000000070a800000| Untracked 
|  89|0x000000070a900000, 0x000000070a900000, 0x000000070aa00000|  0%| F|  |TAMS 0x000000070a900000, 0x000000070a900000| Untracked 
|  90|0x000000070aa00000, 0x000000070aa00000, 0x000000070ab00000|  0%| F|  |TAMS 0x000000070aa00000, 0x000000070aa00000| Untracked 
|  91|0x000000070ab00000, 0x000000070ab00000, 0x000000070ac00000|  0%| F|  |TAMS 0x000000070ab00000, 0x000000070ab00000| Untracked 
|  92|0x000000070ac00000, 0x000000070ac00000, 0x000000070ad00000|  0%| F|  |TAMS 0x000000070ac00000, 0x000000070ac00000| Untracked 
|  93|0x000000070ad00000, 0x000000070ad00000, 0x000000070ae00000|  0%| F|  |TAMS 0x000000070ad00000, 0x000000070ad00000| Untracked 
|  94|0x000000070ae00000, 0x000000070ae00000, 0x000000070af00000|  0%| F|  |TAMS 0x000000070ae00000, 0x000000070ae00000| Untracked 
|  95|0x000000070af00000, 0x000000070af00000, 0x000000070b000000|  0%| F|  |TAMS 0x000000070af00000, 0x000000070af00000| Untracked 
|  96|0x000000070b000000, 0x000000070b000000, 0x000000070b100000|  0%| F|  |TAMS 0x000000070b000000, 0x000000070b000000| Untracked 
|  97|0x000000070b100000, 0x000000070b100000, 0x000000070b200000|  0%| F|  |TAMS 0x000000070b100000, 0x000000070b100000| Untracked 
|  98|0x000000070b200000, 0x000000070b200000, 0x000000070b300000|  0%| F|  |TAMS 0x000000070b200000, 0x000000070b200000| Untracked 
|  99|0x000000070b300000, 0x000000070b300000, 0x000000070b400000|  0%| F|  |TAMS 0x000000070b300000, 0x000000070b300000| Untracked 
| 100|0x000000070b400000, 0x000000070b400000, 0x000000070b500000|  0%| F|  |TAMS 0x000000070b400000, 0x000000070b400000| Untracked 
| 101|0x000000070b500000, 0x000000070b500000, 0x000000070b600000|  0%| F|  |TAMS 0x000000070b500000, 0x000000070b500000| Untracked 
| 102|0x000000070b600000, 0x000000070b600000, 0x000000070b700000|  0%| F|  |TAMS 0x000000070b600000, 0x000000070b600000| Untracked 
| 103|0x000000070b700000, 0x000000070b700000, 0x000000070b800000|  0%| F|  |TAMS 0x000000070b700000, 0x000000070b700000| Untracked 
| 104|0x000000070b800000, 0x000000070b800000, 0x000000070b900000|  0%| F|  |TAMS 0x000000070b800000, 0x000000070b800000| Untracked 
| 105|0x000000070b900000, 0x000000070b900000, 0x000000070ba00000|  0%| F|  |TAMS 0x000000070b900000, 0x000000070b900000| Untracked 
| 106|0x000000070ba00000, 0x000000070ba00000, 0x000000070bb00000|  0%| F|  |TAMS 0x000000070ba00000, 0x000000070ba00000| Untracked 
| 107|0x000000070bb00000, 0x000000070bb00000, 0x000000070bc00000|  0%| F|  |TAMS 0x000000070bb00000, 0x000000070bb00000| Untracked 
| 108|0x000000070bc00000, 0x000000070bc00000, 0x000000070bd00000|  0%| F|  |TAMS 0x000000070bc00000, 0x000000070bc00000| Untracked 
| 109|0x000000070bd00000, 0x000000070bd00000, 0x000000070be00000|  0%| F|  |TAMS 0x000000070bd00000, 0x000000070bd00000| Untracked 
| 110|0x000000070be00000, 0x000000070be00000, 0x000000070bf00000|  0%| F|  |TAMS 0x000000070be00000, 0x000000070be00000| Untracked 
| 111|0x000000070bf00000, 0x000000070bf00000, 0x000000070c000000|  0%| F|  |TAMS 0x000000070bf00000, 0x000000070bf00000| Untracked 
| 112|0x000000070c000000, 0x000000070c000000, 0x000000070c100000|  0%| F|  |TAMS 0x000000070c000000, 0x000000070c000000| Untracked 
| 113|0x000000070c100000, 0x000000070c100000, 0x000000070c200000|  0%| F|  |TAMS 0x000000070c100000, 0x000000070c100000| Untracked 
| 114|0x000000070c200000, 0x000000070c200000, 0x000000070c300000|  0%| F|  |TAMS 0x000000070c200000, 0x000000070c200000| Untracked 
| 115|0x000000070c300000, 0x000000070c300000, 0x000000070c400000|  0%| F|  |TAMS 0x000000070c300000, 0x000000070c300000| Untracked 
| 116|0x000000070c400000, 0x000000070c400000, 0x000000070c500000|  0%| F|  |TAMS 0x000000070c400000, 0x000000070c400000| Untracked 
| 117|0x000000070c500000, 0x000000070c500000, 0x000000070c600000|  0%| F|  |TAMS 0x000000070c500000, 0x000000070c500000| Untracked 
| 118|0x000000070c600000, 0x000000070c600000, 0x000000070c700000|  0%| F|  |TAMS 0x000000070c600000, 0x000000070c600000| Untracked 
| 119|0x000000070c700000, 0x000000070c700000, 0x000000070c800000|  0%| F|  |TAMS 0x000000070c700000, 0x000000070c700000| Untracked 
| 120|0x000000070c800000, 0x000000070c800000, 0x000000070c900000|  0%| F|  |TAMS 0x000000070c800000, 0x000000070c800000| Untracked 
| 121|0x000000070c900000, 0x000000070c900000, 0x000000070ca00000|  0%| F|  |TAMS 0x000000070c900000, 0x000000070c900000| Untracked 
| 122|0x000000070ca00000, 0x000000070ca00000, 0x000000070cb00000|  0%| F|  |TAMS 0x000000070ca00000, 0x000000070ca00000| Untracked 
| 123|0x000000070cb00000, 0x000000070cb00000, 0x000000070cc00000|  0%| F|  |TAMS 0x000000070cb00000, 0x000000070cb00000| Untracked 
| 124|0x000000070cc00000, 0x000000070cc00000, 0x000000070cd00000|  0%| F|  |TAMS 0x000000070cc00000, 0x000000070cc00000| Untracked 
| 125|0x000000070cd00000, 0x000000070cd00000, 0x000000070ce00000|  0%| F|  |TAMS 0x000000070cd00000, 0x000000070cd00000| Untracked 
| 126|0x000000070ce00000, 0x000000070ce00000, 0x000000070cf00000|  0%| F|  |TAMS 0x000000070ce00000, 0x000000070ce00000| Untracked 
| 127|0x000000070cf00000, 0x000000070cf00000, 0x000000070d000000|  0%| F|  |TAMS 0x000000070cf00000, 0x000000070cf00000| Untracked 
| 128|0x000000070d000000, 0x000000070d000000, 0x000000070d100000|  0%| F|  |TAMS 0x000000070d000000, 0x000000070d000000| Untracked 
| 129|0x000000070d100000, 0x000000070d100000, 0x000000070d200000|  0%| F|  |TAMS 0x000000070d100000, 0x000000070d100000| Untracked 
| 130|0x000000070d200000, 0x000000070d200000, 0x000000070d300000|  0%| F|  |TAMS 0x000000070d200000, 0x000000070d200000| Untracked 
| 131|0x000000070d300000, 0x000000070d300000, 0x000000070d400000|  0%| F|  |TAMS 0x000000070d300000, 0x000000070d300000| Untracked 
| 132|0x000000070d400000, 0x000000070d400000, 0x000000070d500000|  0%| F|  |TAMS 0x000000070d400000, 0x000000070d400000| Untracked 
| 133|0x000000070d500000, 0x000000070d500000, 0x000000070d600000|  0%| F|  |TAMS 0x000000070d500000, 0x000000070d500000| Untracked 
| 134|0x000000070d600000, 0x000000070d600000, 0x000000070d700000|  0%| F|  |TAMS 0x000000070d600000, 0x000000070d600000| Untracked 
| 135|0x000000070d700000, 0x000000070d700000, 0x000000070d800000|  0%| F|  |TAMS 0x000000070d700000, 0x000000070d700000| Untracked 
| 136|0x000000070d800000, 0x000000070d800000, 0x000000070d900000|  0%| F|  |TAMS 0x000000070d800000, 0x000000070d800000| Untracked 
| 137|0x000000070d900000, 0x000000070d900000, 0x000000070da00000|  0%| F|  |TAMS 0x000000070d900000, 0x000000070d900000| Untracked 
| 138|0x000000070da00000, 0x000000070da00000, 0x000000070db00000|  0%| F|  |TAMS 0x000000070da00000, 0x000000070da00000| Untracked 
| 139|0x000000070db00000, 0x000000070db00000, 0x000000070dc00000|  0%| F|  |TAMS 0x000000070db00000, 0x000000070db00000| Untracked 
| 140|0x000000070dc00000, 0x000000070dc00000, 0x000000070dd00000|  0%| F|  |TAMS 0x000000070dc00000, 0x000000070dc00000| Untracked 
| 141|0x000000070dd00000, 0x000000070dd00000, 0x000000070de00000|  0%| F|  |TAMS 0x000000070dd00000, 0x000000070dd00000| Untracked 
| 142|0x000000070de00000, 0x000000070de00000, 0x000000070df00000|  0%| F|  |TAMS 0x000000070de00000, 0x000000070de00000| Untracked 
| 143|0x000000070df00000, 0x000000070df00000, 0x000000070e000000|  0%| F|  |TAMS 0x000000070df00000, 0x000000070df00000| Untracked 
| 144|0x000000070e000000, 0x000000070e000000, 0x000000070e100000|  0%| F|  |TAMS 0x000000070e000000, 0x000000070e000000| Untracked 
| 145|0x000000070e100000, 0x000000070e100000, 0x000000070e200000|  0%| F|  |TAMS 0x000000070e100000, 0x000000070e100000| Untracked 
| 146|0x000000070e200000, 0x000000070e200000, 0x000000070e300000|  0%| F|  |TAMS 0x000000070e200000, 0x000000070e200000| Untracked 
| 147|0x000000070e300000, 0x000000070e300000, 0x000000070e400000|  0%| F|  |TAMS 0x000000070e300000, 0x000000070e300000| Untracked 
| 148|0x000000070e400000, 0x000000070e400000, 0x000000070e500000|  0%| F|  |TAMS 0x000000070e400000, 0x000000070e400000| Untracked 
| 149|0x000000070e500000, 0x000000070e500000, 0x000000070e600000|  0%| F|  |TAMS 0x000000070e500000, 0x000000070e500000| Untracked 
| 150|0x000000070e600000, 0x000000070e600000, 0x000000070e700000|  0%| F|  |TAMS 0x000000070e600000, 0x000000070e600000| Untracked 
| 151|0x000000070e700000, 0x000000070e700000, 0x000000070e800000|  0%| F|  |TAMS 0x000000070e700000, 0x000000070e700000| Untracked 
| 152|0x000000070e800000, 0x000000070e800000, 0x000000070e900000|  0%| F|  |TAMS 0x000000070e800000, 0x000000070e800000| Untracked 
| 153|0x000000070e900000, 0x000000070e900000, 0x000000070ea00000|  0%| F|  |TAMS 0x000000070e900000, 0x000000070e900000| Untracked 
| 154|0x000000070ea00000, 0x000000070ea00000, 0x000000070eb00000|  0%| F|  |TAMS 0x000000070ea00000, 0x000000070ea00000| Untracked 
| 155|0x000000070eb00000, 0x000000070eb00000, 0x000000070ec00000|  0%| F|  |TAMS 0x000000070eb00000, 0x000000070eb00000| Untracked 
| 156|0x000000070ec00000, 0x000000070ec00000, 0x000000070ed00000|  0%| F|  |TAMS 0x000000070ec00000, 0x000000070ec00000| Untracked 
| 157|0x000000070ed00000, 0x000000070ed00000, 0x000000070ee00000|  0%| F|  |TAMS 0x000000070ed00000, 0x000000070ed00000| Untracked 
| 158|0x000000070ee00000, 0x000000070ee00000, 0x000000070ef00000|  0%| F|  |TAMS 0x000000070ee00000, 0x000000070ee00000| Untracked 
| 159|0x000000070ef00000, 0x000000070ef00000, 0x000000070f000000|  0%| F|  |TAMS 0x000000070ef00000, 0x000000070ef00000| Untracked 
| 160|0x000000070f000000, 0x000000070f000000, 0x000000070f100000|  0%| F|  |TAMS 0x000000070f000000, 0x000000070f000000| Untracked 
| 161|0x000000070f100000, 0x000000070f100000, 0x000000070f200000|  0%| F|  |TAMS 0x000000070f100000, 0x000000070f100000| Untracked 
| 162|0x000000070f200000, 0x000000070f200000, 0x000000070f300000|  0%| F|  |TAMS 0x000000070f200000, 0x000000070f200000| Untracked 
| 163|0x000000070f300000, 0x000000070f300000, 0x000000070f400000|  0%| F|  |TAMS 0x000000070f300000, 0x000000070f300000| Untracked 
| 164|0x000000070f400000, 0x000000070f400000, 0x000000070f500000|  0%| F|  |TAMS 0x000000070f400000, 0x000000070f400000| Untracked 
| 165|0x000000070f500000, 0x000000070f500000, 0x000000070f600000|  0%| F|  |TAMS 0x000000070f500000, 0x000000070f500000| Untracked 
| 166|0x000000070f600000, 0x000000070f600000, 0x000000070f700000|  0%| F|  |TAMS 0x000000070f600000, 0x000000070f600000| Untracked 
| 167|0x000000070f700000, 0x000000070f700000, 0x000000070f800000|  0%| F|  |TAMS 0x000000070f700000, 0x000000070f700000| Untracked 
| 168|0x000000070f800000, 0x000000070f800000, 0x000000070f900000|  0%| F|  |TAMS 0x000000070f800000, 0x000000070f800000| Untracked 
| 169|0x000000070f900000, 0x000000070f900000, 0x000000070fa00000|  0%| F|  |TAMS 0x000000070f900000, 0x000000070f900000| Untracked 
| 170|0x000000070fa00000, 0x000000070fa00000, 0x000000070fb00000|  0%| F|  |TAMS 0x000000070fa00000, 0x000000070fa00000| Untracked 
| 171|0x000000070fb00000, 0x000000070fb00000, 0x000000070fc00000|  0%| F|  |TAMS 0x000000070fb00000, 0x000000070fb00000| Untracked 
| 172|0x000000070fc00000, 0x000000070fc00000, 0x000000070fd00000|  0%| F|  |TAMS 0x000000070fc00000, 0x000000070fc00000| Untracked 
| 173|0x000000070fd00000, 0x000000070fd00000, 0x000000070fe00000|  0%| F|  |TAMS 0x000000070fd00000, 0x000000070fd00000| Untracked 
| 174|0x000000070fe00000, 0x000000070fe00000, 0x000000070ff00000|  0%| F|  |TAMS 0x000000070fe00000, 0x000000070fe00000| Untracked 
| 175|0x000000070ff00000, 0x000000070ff00000, 0x0000000710000000|  0%| F|  |TAMS 0x000000070ff00000, 0x000000070ff00000| Untracked 
| 176|0x0000000710000000, 0x0000000710000000, 0x0000000710100000|  0%| F|  |TAMS 0x0000000710000000, 0x0000000710000000| Untracked 
| 177|0x0000000710100000, 0x0000000710100000, 0x0000000710200000|  0%| F|  |TAMS 0x0000000710100000, 0x0000000710100000| Untracked 
| 178|0x0000000710200000, 0x0000000710200000, 0x0000000710300000|  0%| F|  |TAMS 0x0000000710200000, 0x0000000710200000| Untracked 
| 179|0x0000000710300000, 0x0000000710300000, 0x0000000710400000|  0%| F|  |TAMS 0x0000000710300000, 0x0000000710300000| Untracked 
| 180|0x0000000710400000, 0x0000000710400000, 0x0000000710500000|  0%| F|  |TAMS 0x0000000710400000, 0x0000000710400000| Untracked 
| 181|0x0000000710500000, 0x0000000710500000, 0x0000000710600000|  0%| F|  |TAMS 0x0000000710500000, 0x0000000710500000| Untracked 
| 182|0x0000000710600000, 0x0000000710600000, 0x0000000710700000|  0%| F|  |TAMS 0x0000000710600000, 0x0000000710600000| Untracked 
| 183|0x0000000710700000, 0x0000000710700000, 0x0000000710800000|  0%| F|  |TAMS 0x0000000710700000, 0x0000000710700000| Untracked 
| 184|0x0000000710800000, 0x0000000710800000, 0x0000000710900000|  0%| F|  |TAMS 0x0000000710800000, 0x0000000710800000| Untracked 
| 185|0x0000000710900000, 0x0000000710900000, 0x0000000710a00000|  0%| F|  |TAMS 0x0000000710900000, 0x0000000710900000| Untracked 
| 186|0x0000000710a00000, 0x0000000710a00000, 0x0000000710b00000|  0%| F|  |TAMS 0x0000000710a00000, 0x0000000710a00000| Untracked 
| 187|0x0000000710b00000, 0x0000000710b00000, 0x0000000710c00000|  0%| F|  |TAMS 0x0000000710b00000, 0x0000000710b00000| Untracked 
| 188|0x0000000710c00000, 0x0000000710c00000, 0x0000000710d00000|  0%| F|  |TAMS 0x0000000710c00000, 0x0000000710c00000| Untracked 
| 189|0x0000000710d00000, 0x0000000710d00000, 0x0000000710e00000|  0%| F|  |TAMS 0x0000000710d00000, 0x0000000710d00000| Untracked 
| 190|0x0000000710e00000, 0x0000000710e00000, 0x0000000710f00000|  0%| F|  |TAMS 0x0000000710e00000, 0x0000000710e00000| Untracked 
| 191|0x0000000710f00000, 0x0000000710f00000, 0x0000000711000000|  0%| F|  |TAMS 0x0000000710f00000, 0x0000000710f00000| Untracked 
| 192|0x0000000711000000, 0x0000000711000000, 0x0000000711100000|  0%| F|  |TAMS 0x0000000711000000, 0x0000000711000000| Untracked 
| 193|0x0000000711100000, 0x0000000711100000, 0x0000000711200000|  0%| F|  |TAMS 0x0000000711100000, 0x0000000711100000| Untracked 
| 194|0x0000000711200000, 0x0000000711200000, 0x0000000711300000|  0%| F|  |TAMS 0x0000000711200000, 0x0000000711200000| Untracked 
| 195|0x0000000711300000, 0x0000000711300000, 0x0000000711400000|  0%| F|  |TAMS 0x0000000711300000, 0x0000000711300000| Untracked 
| 196|0x0000000711400000, 0x0000000711400000, 0x0000000711500000|  0%| F|  |TAMS 0x0000000711400000, 0x0000000711400000| Untracked 
| 197|0x0000000711500000, 0x0000000711500000, 0x0000000711600000|  0%| F|  |TAMS 0x0000000711500000, 0x0000000711500000| Untracked 
| 198|0x0000000711600000, 0x0000000711600000, 0x0000000711700000|  0%| F|  |TAMS 0x0000000711600000, 0x0000000711600000| Untracked 
| 199|0x0000000711700000, 0x0000000711700000, 0x0000000711800000|  0%| F|  |TAMS 0x0000000711700000, 0x0000000711700000| Untracked 
| 200|0x0000000711800000, 0x0000000711800000, 0x0000000711900000|  0%| F|  |TAMS 0x0000000711800000, 0x0000000711800000| Untracked 
| 201|0x0000000711900000, 0x0000000711900000, 0x0000000711a00000|  0%| F|  |TAMS 0x0000000711900000, 0x0000000711900000| Untracked 
| 202|0x0000000711a00000, 0x0000000711a00000, 0x0000000711b00000|  0%| F|  |TAMS 0x0000000711a00000, 0x0000000711a00000| Untracked 
| 203|0x0000000711b00000, 0x0000000711b00000, 0x0000000711c00000|  0%| F|  |TAMS 0x0000000711b00000, 0x0000000711b00000| Untracked 
| 204|0x0000000711c00000, 0x0000000711c00000, 0x0000000711d00000|  0%| F|  |TAMS 0x0000000711c00000, 0x0000000711c00000| Untracked 
| 205|0x0000000711d00000, 0x0000000711d00000, 0x0000000711e00000|  0%| F|  |TAMS 0x0000000711d00000, 0x0000000711d00000| Untracked 
| 206|0x0000000711e00000, 0x0000000711e00000, 0x0000000711f00000|  0%| F|  |TAMS 0x0000000711e00000, 0x0000000711e00000| Untracked 
| 207|0x0000000711f00000, 0x0000000711f00000, 0x0000000712000000|  0%| F|  |TAMS 0x0000000711f00000, 0x0000000711f00000| Untracked 
| 208|0x0000000712000000, 0x0000000712000000, 0x0000000712100000|  0%| F|  |TAMS 0x0000000712000000, 0x0000000712000000| Untracked 
| 209|0x0000000712100000, 0x0000000712100000, 0x0000000712200000|  0%| F|  |TAMS 0x0000000712100000, 0x0000000712100000| Untracked 
| 210|0x0000000712200000, 0x0000000712200000, 0x0000000712300000|  0%| F|  |TAMS 0x0000000712200000, 0x0000000712200000| Untracked 
| 211|0x0000000712300000, 0x0000000712300000, 0x0000000712400000|  0%| F|  |TAMS 0x0000000712300000, 0x0000000712300000| Untracked 
| 212|0x0000000712400000, 0x0000000712400000, 0x0000000712500000|  0%| F|  |TAMS 0x0000000712400000, 0x0000000712400000| Untracked 
| 213|0x0000000712500000, 0x0000000712500000, 0x0000000712600000|  0%| F|  |TAMS 0x0000000712500000, 0x0000000712500000| Untracked 
| 214|0x0000000712600000, 0x0000000712600000, 0x0000000712700000|  0%| F|  |TAMS 0x0000000712600000, 0x0000000712600000| Untracked 
| 215|0x0000000712700000, 0x0000000712700000, 0x0000000712800000|  0%| F|  |TAMS 0x0000000712700000, 0x0000000712700000| Untracked 
| 216|0x0000000712800000, 0x0000000712800000, 0x0000000712900000|  0%| F|  |TAMS 0x0000000712800000, 0x0000000712800000| Untracked 
| 217|0x0000000712900000, 0x0000000712900000, 0x0000000712a00000|  0%| F|  |TAMS 0x0000000712900000, 0x0000000712900000| Untracked 
| 218|0x0000000712a00000, 0x0000000712a00000, 0x0000000712b00000|  0%| F|  |TAMS 0x0000000712a00000, 0x0000000712a00000| Untracked 
| 219|0x0000000712b00000, 0x0000000712b00000, 0x0000000712c00000|  0%| F|  |TAMS 0x0000000712b00000, 0x0000000712b00000| Untracked 
| 220|0x0000000712c00000, 0x0000000712c00000, 0x0000000712d00000|  0%| F|  |TAMS 0x0000000712c00000, 0x0000000712c00000| Untracked 
| 221|0x0000000712d00000, 0x0000000712d00000, 0x0000000712e00000|  0%| F|  |TAMS 0x0000000712d00000, 0x0000000712d00000| Untracked 
| 222|0x0000000712e00000, 0x0000000712e00000, 0x0000000712f00000|  0%| F|  |TAMS 0x0000000712e00000, 0x0000000712e00000| Untracked 
| 223|0x0000000712f00000, 0x0000000712f00000, 0x0000000713000000|  0%| F|  |TAMS 0x0000000712f00000, 0x0000000712f00000| Untracked 
| 224|0x0000000713000000, 0x0000000713000000, 0x0000000713100000|  0%| F|  |TAMS 0x0000000713000000, 0x0000000713000000| Untracked 
| 225|0x0000000713100000, 0x0000000713100000, 0x0000000713200000|  0%| F|  |TAMS 0x0000000713100000, 0x0000000713100000| Untracked 
| 226|0x0000000713200000, 0x0000000713200000, 0x0000000713300000|  0%| F|  |TAMS 0x0000000713200000, 0x0000000713200000| Untracked 
| 227|0x0000000713300000, 0x0000000713300000, 0x0000000713400000|  0%| F|  |TAMS 0x0000000713300000, 0x0000000713300000| Untracked 
| 228|0x0000000713400000, 0x0000000713400000, 0x0000000713500000|  0%| F|  |TAMS 0x0000000713400000, 0x0000000713400000| Untracked 
| 229|0x0000000713500000, 0x0000000713500000, 0x0000000713600000|  0%| F|  |TAMS 0x0000000713500000, 0x0000000713500000| Untracked 
| 230|0x0000000713600000, 0x0000000713600000, 0x0000000713700000|  0%| F|  |TAMS 0x0000000713600000, 0x0000000713600000| Untracked 
| 231|0x0000000713700000, 0x0000000713700000, 0x0000000713800000|  0%| F|  |TAMS 0x0000000713700000, 0x0000000713700000| Untracked 
| 232|0x0000000713800000, 0x0000000713800000, 0x0000000713900000|  0%| F|  |TAMS 0x0000000713800000, 0x0000000713800000| Untracked 
| 233|0x0000000713900000, 0x0000000713900000, 0x0000000713a00000|  0%| F|  |TAMS 0x0000000713900000, 0x0000000713900000| Untracked 
| 234|0x0000000713a00000, 0x0000000713a00000, 0x0000000713b00000|  0%| F|  |TAMS 0x0000000713a00000, 0x0000000713a00000| Untracked 
| 235|0x0000000713b00000, 0x0000000713b00000, 0x0000000713c00000|  0%| F|  |TAMS 0x0000000713b00000, 0x0000000713b00000| Untracked 
| 236|0x0000000713c00000, 0x0000000713c00000, 0x0000000713d00000|  0%| F|  |TAMS 0x0000000713c00000, 0x0000000713c00000| Untracked 
| 237|0x0000000713d00000, 0x0000000713d00000, 0x0000000713e00000|  0%| F|  |TAMS 0x0000000713d00000, 0x0000000713d00000| Untracked 
| 238|0x0000000713e00000, 0x0000000713e00000, 0x0000000713f00000|  0%| F|  |TAMS 0x0000000713e00000, 0x0000000713e00000| Untracked 
| 239|0x0000000713f00000, 0x0000000713f00000, 0x0000000714000000|  0%| F|  |TAMS 0x0000000713f00000, 0x0000000713f00000| Untracked 
| 240|0x0000000714000000, 0x0000000714000000, 0x0000000714100000|  0%| F|  |TAMS 0x0000000714000000, 0x0000000714000000| Untracked 
| 241|0x0000000714100000, 0x0000000714100000, 0x0000000714200000|  0%| F|  |TAMS 0x0000000714100000, 0x0000000714100000| Untracked 
| 242|0x0000000714200000, 0x0000000714200000, 0x0000000714300000|  0%| F|  |TAMS 0x0000000714200000, 0x0000000714200000| Untracked 
| 243|0x0000000714300000, 0x0000000714300000, 0x0000000714400000|  0%| F|  |TAMS 0x0000000714300000, 0x0000000714300000| Untracked 
| 244|0x0000000714400000, 0x0000000714400000, 0x0000000714500000|  0%| F|  |TAMS 0x0000000714400000, 0x0000000714400000| Untracked 
| 245|0x0000000714500000, 0x0000000714500000, 0x0000000714600000|  0%| F|  |TAMS 0x0000000714500000, 0x0000000714500000| Untracked 
| 246|0x0000000714600000, 0x0000000714683c10, 0x0000000714700000| 51%| E|  |TAMS 0x0000000714600000, 0x0000000714600000| Complete 
| 247|0x0000000714700000, 0x0000000714800000, 0x0000000714800000|100%| E|CS|TAMS 0x0000000714700000, 0x0000000714700000| Complete 
| 248|0x0000000714800000, 0x0000000714900000, 0x0000000714900000|100%| E|CS|TAMS 0x0000000714800000, 0x0000000714800000| Complete 
| 249|0x0000000714900000, 0x0000000714a00000, 0x0000000714a00000|100%| E|CS|TAMS 0x0000000714900000, 0x0000000714900000| Complete 
| 250|0x0000000714a00000, 0x0000000714b00000, 0x0000000714b00000|100%| E|CS|TAMS 0x0000000714a00000, 0x0000000714a00000| Complete 
| 251|0x0000000714b00000, 0x0000000714c00000, 0x0000000714c00000|100%| E|CS|TAMS 0x0000000714b00000, 0x0000000714b00000| Complete 

Card table byte_map: [0x00000184fa9c0000,0x00000184fb1a0000] _byte_map_base: 0x00000184f7198000

Marking Bits (Prev, Next): (CMBitMap*) 0x00000184e2029628, (CMBitMap*) 0x00000184e2029660
 Prev Bits: [0x00000184fb980000, 0x00000184ff840000)
 Next Bits: [0x0000018480000000, 0x0000018483ec0000)

Polling page: 0x00000184e1b60000

Metaspace:

Usage:
  Non-class:      8.05 MB capacity,     7.98 MB (>99%) used,    57.81 KB ( <1%) free+waste,     6.31 KB ( <1%) overhead. 
      Class:    834.00 KB capacity,   783.53 KB ( 94%) used,    47.97 KB (  6%) free+waste,     2.50 KB ( <1%) overhead. 
       Both:      8.86 MB capacity,     8.75 MB ( 99%) used,   105.78 KB (  1%) free+waste,     8.81 KB ( <1%) overhead. 

Virtual space:
  Non-class space:       10.00 MB reserved,       8.25 MB ( 83%) committed 
      Class space:        1.00 GB reserved,     896.00 KB ( <1%) committed 
             Both:        1.01 GB reserved,       9.13 MB ( <1%) committed 

Chunk freelists:
   Non-Class:  16.00 KB
       Class:  30.00 KB
        Both:  46.00 KB

MaxMetaspaceSize: 17179869184.00 GB
CompressedClassSpaceSize: 1.00 GB

CodeHeap 'non-profiled nmethods': size=120000Kb used=106Kb max_used=106Kb free=119893Kb
 bounds [0x00000184f2330000, 0x00000184f25a0000, 0x00000184f9860000]
CodeHeap 'profiled nmethods': size=120000Kb used=520Kb max_used=520Kb free=119479Kb
 bounds [0x00000184eae00000, 0x00000184eb070000, 0x00000184f2330000]
CodeHeap 'non-nmethods': size=5760Kb used=1163Kb max_used=1180Kb free=4596Kb
 bounds [0x00000184ea860000, 0x00000184eaad0000, 0x00000184eae00000]
 total_blobs=748 nmethods=385 adapters=283
 compilation: enabled
              stopped_count=0, restarted_count=0
 full_count=0

Compilation events (20 events):
Event: 277.262 Thread 0x0000018486c31000  377       3       org.eclipse.jdt.launching.internal.org.objectweb.asm.ClassReader::readUtf (161 bytes)
Event: 277.265 Thread 0x0000018486c31000 nmethod 377 0x00000184eae7e210 code [0x00000184eae7e420, 0x00000184eae7ea18]
Event: 277.265 Thread 0x0000018486c31000  376       3       org.eclipse.jdt.launching.internal.org.objectweb.asm.SymbolTable$Entry::<init> (17 bytes)
Event: 277.266 Thread 0x0000018486c31000 nmethod 376 0x00000184eae7ee10 code [0x00000184eae7efc0, 0x00000184eae7f148]
Event: 282.125 Thread 0x0000018486c31000  378       3       org.eclipse.jdt.launching.internal.org.objectweb.asm.SymbolTable::addConstantUtf8 (20 bytes)
Event: 282.126 Thread 0x0000018486c31000 nmethod 378 0x00000184eae7f210 code [0x00000184eae7f400, 0x00000184eae7f768]
Event: 403.664 Thread 0x0000018486c31000  379       3       org.eclipse.jdt.launching.internal.org.objectweb.asm.ByteVector::putShort (52 bytes)
Event: 403.666 Thread 0x0000018486c31000 nmethod 379 0x00000184eae7f910 code [0x00000184eae7fae0, 0x00000184eae7fce8]
Event: 527.267 Thread 0x0000018486c28800  380       4       org.eclipse.jdt.launching.internal.org.objectweb.asm.ClassReader::getItem (7 bytes)
Event: 527.269 Thread 0x0000018486c28800 nmethod 380 0x00000184f234a690 code [0x00000184f234a820, 0x00000184f234a8f8]
Event: 774.657 Thread 0x0000018486c31000  381       3       org.eclipse.jdt.launching.internal.org.objectweb.asm.ClassReader::readClass (7 bytes)
Event: 774.658 Thread 0x0000018486c31000 nmethod 381 0x00000184eae7fe90 code [0x00000184eae80080, 0x00000184eae80508]
Event: 774.658 Thread 0x0000018486c31000  382       3       org.eclipse.jdt.launching.internal.org.objectweb.asm.ClassReader::readStringish (16 bytes)
Event: 774.660 Thread 0x0000018486c31000 nmethod 382 0x00000184eae80790 code [0x00000184eae80980, 0x00000184eae80d68]
Event: 774.660 Thread 0x0000018486c31000  383       3       org.eclipse.jdt.launching.internal.org.objectweb.asm.SymbolTable::get (13 bytes)
Event: 774.660 Thread 0x0000018486c31000 nmethod 383 0x00000184eae80f90 code [0x00000184eae81140, 0x00000184eae81298]
Event: 825.712 Thread 0x0000018486c31000  384       3       org.eclipse.jdt.launching.internal.org.objectweb.asm.SymbolTable::addConstantMemberReference (29 bytes)
Event: 825.713 Thread 0x0000018486c31000 nmethod 384 0x00000184eae81390 code [0x00000184eae815a0, 0x00000184eae819c8]
Event: 825.713 Thread 0x0000018486c31000  385       3       org.eclipse.jdt.launching.internal.org.objectweb.asm.SymbolTable::hash (20 bytes)
Event: 825.714 Thread 0x0000018486c31000 nmethod 385 0x00000184eae81d10 code [0x00000184eae81ee0, 0x00000184eae820a8]

GC Heap History (0 events):
No events

Deoptimization events (20 events):
Event: 0.376 Thread 0x00000184e1fc9800 DEOPT PACKING pc=0x00000184eae65c0d sp=0x00000009e2cfa550
Event: 0.376 Thread 0x00000184e1fc9800 DEOPT UNPACKING pc=0x00000184ea89d45e sp=0x00000009e2cf9a18 mode 0
Event: 0.376 Thread 0x00000184e1fc9800 DEOPT PACKING pc=0x00000184eae65c0d sp=0x00000009e2cfa550
Event: 0.376 Thread 0x00000184e1fc9800 DEOPT UNPACKING pc=0x00000184ea89d45e sp=0x00000009e2cf9a18 mode 0
Event: 0.379 Thread 0x00000184e1fc9800 DEOPT PACKING pc=0x00000184eae65c0d sp=0x00000009e2cfb8a0
Event: 0.379 Thread 0x00000184e1fc9800 DEOPT UNPACKING pc=0x00000184ea89d45e sp=0x00000009e2cfad68 mode 0
Event: 0.379 Thread 0x00000184e1fc9800 DEOPT PACKING pc=0x00000184eae65c0d sp=0x00000009e2cfb8a0
Event: 0.379 Thread 0x00000184e1fc9800 DEOPT UNPACKING pc=0x00000184ea89d45e sp=0x00000009e2cfad68 mode 0
Event: 0.380 Thread 0x00000184e1fc9800 DEOPT PACKING pc=0x00000184eae65c0d sp=0x00000009e2cfb8a0
Event: 0.380 Thread 0x00000184e1fc9800 DEOPT UNPACKING pc=0x00000184ea89d45e sp=0x00000009e2cfad68 mode 0
Event: 0.381 Thread 0x00000184e1fc9800 DEOPT PACKING pc=0x00000184eae65c0d sp=0x00000009e2cfa4d0
Event: 0.381 Thread 0x00000184e1fc9800 DEOPT UNPACKING pc=0x00000184ea89d45e sp=0x00000009e2cf9998 mode 0
Event: 0.388 Thread 0x00000184e1fc9800 DEOPT PACKING pc=0x00000184eae65c0d sp=0x00000009e2cfa140
Event: 0.388 Thread 0x00000184e1fc9800 DEOPT UNPACKING pc=0x00000184ea89d45e sp=0x00000009e2cf9608 mode 0
Event: 0.388 Thread 0x00000184e1fc9800 DEOPT PACKING pc=0x00000184eae65c0d sp=0x00000009e2cfa140
Event: 0.388 Thread 0x00000184e1fc9800 DEOPT UNPACKING pc=0x00000184ea89d45e sp=0x00000009e2cf9608 mode 0
Event: 0.389 Thread 0x00000184e1fc9800 DEOPT PACKING pc=0x00000184eae65c0d sp=0x00000009e2cfa140
Event: 0.389 Thread 0x00000184e1fc9800 DEOPT UNPACKING pc=0x00000184ea89d45e sp=0x00000009e2cf9608 mode 0
Event: 0.390 Thread 0x00000184e1fc9800 DEOPT PACKING pc=0x00000184eae65c0d sp=0x00000009e2cfa140
Event: 0.390 Thread 0x00000184e1fc9800 DEOPT UNPACKING pc=0x00000184ea89d45e sp=0x00000009e2cf9608 mode 0

Classes redefined (11 events):
Event: 57.556 Thread 0x0000018486b8b800 redefined class name=Main, count=1
Event: 116.450 Thread 0x0000018486b8b800 redefined class name=Main, count=2
Event: 277.264 Thread 0x0000018486b8b800 redefined class name=Main, count=3
Event: 282.127 Thread 0x0000018486b8b800 redefined class name=Main, count=4
Event: 336.988 Thread 0x0000018486b8b800 redefined class name=Main, count=5
Event: 403.666 Thread 0x0000018486b8b800 redefined class name=Main, count=6
Event: 423.102 Thread 0x0000018486b8b800 redefined class name=Main, count=7
Event: 426.082 Thread 0x0000018486b8b800 redefined class name=Main, count=8
Event: 527.268 Thread 0x0000018486b8b800 redefined class name=Main, count=9
Event: 774.659 Thread 0x0000018486b8b800 redefined class name=Main, count=10
Event: 825.713 Thread 0x0000018486b8b800 redefined class name=Main, count=11

Internal exceptions (0 events):
No events

Events (20 events):
Event: 825.719 Executing VM operation: GetFrameCount done
Event: 825.719 Executing VM operation: GetStackTrace
Event: 825.719 Executing VM operation: GetStackTrace done
Event: 825.791 Executing VM operation: GetFrameCount
Event: 825.791 Executing VM operation: GetFrameCount done
Event: 825.792 Executing VM operation: GetOwnedMonitorInfo
Event: 825.792 Executing VM operation: GetOwnedMonitorInfo done
Event: 825.792 Executing VM operation: GetCurrentContendedMonitor
Event: 825.792 Executing VM operation: GetCurrentContendedMonitor done
Event: 829.383 Executing VM operation: ChangeBreakpoints
Event: 829.384 Executing VM operation: ChangeBreakpoints done
Event: 832.841 Executing VM operation: GetCurrentContendedMonitor
Event: 832.842 Executing VM operation: GetCurrentContendedMonitor done
Event: 832.842 Executing VM operation: GetOwnedMonitorInfo
Event: 832.842 Executing VM operation: GetOwnedMonitorInfo done
Event: 833.345 Executing VM operation: GetCurrentContendedMonitor
Event: 833.345 Executing VM operation: GetCurrentContendedMonitor done
Event: 833.345 Executing VM operation: GetOwnedMonitorInfo
Event: 833.345 Executing VM operation: GetOwnedMonitorInfo done
Event: 840.982 Executing VM operation: GetOrSetLocal


Dynamic libraries:
0x00007ff6d4670000 - 0x00007ff6d467d000 	C:\Program Files\OpenJDK\jdk-11.0.8.10-hotspot\bin\javaw.exe
0x00007ff904450000 - 0x00007ff904648000 	C:\Windows\SYSTEM32\ntdll.dll
0x00007ff9025a0000 - 0x00007ff90265d000 	C:\Windows\System32\KERNEL32.DLL
0x00007ff901d60000 - 0x00007ff90202e000 	C:\Windows\System32\KERNELBASE.dll
0x00007ff901c60000 - 0x00007ff901d60000 	C:\Windows\System32\ucrtbase.dll
0x00007ff8f61c0000 - 0x00007ff8f61d7000 	C:\Program Files\OpenJDK\jdk-11.0.8.10-hotspot\bin\jli.dll
0x00007ff902710000 - 0x00007ff9028b0000 	C:\Windows\System32\USER32.dll
0x00007ff9023f0000 - 0x00007ff902412000 	C:\Windows\System32\win32u.dll
0x00007ff902570000 - 0x00007ff90259a000 	C:\Windows\System32\GDI32.dll
0x00007ff902190000 - 0x00007ff90229b000 	C:\Windows\System32\gdi32full.dll
0x00007ff902350000 - 0x00007ff9023ed000 	C:\Windows\System32\msvcp_win.dll
0x00007ff8e2ef0000 - 0x00007ff8e2f05000 	C:\Program Files\OpenJDK\jdk-11.0.8.10-hotspot\bin\VCRUNTIME140.dll
0x00007ff8ede10000 - 0x00007ff8ee0aa000 	C:\Windows\WinSxS\amd64_microsoft.windows.common-controls_6595b64144ccf1df_6.0.19041.1110_none_60b5254171f9507e\COMCTL32.dll
0x00007ff902a50000 - 0x00007ff902aee000 	C:\Windows\System32\msvcrt.dll
0x00007ff902af0000 - 0x00007ff902b20000 	C:\Windows\System32\IMM32.DLL
0x00007ff8c41c0000 - 0x00007ff8c44a7000 	C:\Windows\pcdrm\NSCCOR0364.DLL
0x00007ff9042b0000 - 0x00007ff90435e000 	C:\Windows\System32\ADVAPI32.dll
0x00007ff903340000 - 0x00007ff9033dc000 	C:\Windows\System32\sechost.dll
0x00007ff904000000 - 0x00007ff904125000 	C:\Windows\System32\RPCRT4.dll
0x00007ff902b20000 - 0x00007ff902c4a000 	C:\Windows\System32\ole32.dll
0x00007ff902f70000 - 0x00007ff9032c4000 	C:\Windows\System32\combase.dll
0x00007ff901bf0000 - 0x00007ff901c58000 	C:\Windows\System32\WINTRUST.dll
0x00007ff902030000 - 0x00007ff902186000 	C:\Windows\System32\CRYPT32.dll
0x00007ff901760000 - 0x00007ff901772000 	C:\Windows\SYSTEM32\MSASN1.dll
0x00007ff902700000 - 0x00007ff902708000 	C:\Windows\System32\psapi.dll
0x00007ff9008b0000 - 0x00007ff9008e3000 	C:\Windows\SYSTEM32\ntmarta.dll
0x00007ff8c4110000 - 0x00007ff8c4143000 	C:\Windows\pcdrm\NBID64.dll
0x00007ff9041e0000 - 0x00007ff9042ad000 	C:\Windows\System32\OLEAUT32.dll
0x00007ff8c40d0000 - 0x00007ff8c410a000 	C:\Windows\pcdrm\NFD0164.dll
0x00007ff8f7a00000 - 0x00007ff8f7a0a000 	C:\Windows\SYSTEM32\VERSION.dll
0x00007ff8a76c0000 - 0x00007ff8a775b000 	C:\Program Files\OpenJDK\jdk-11.0.8.10-hotspot\bin\msvcp140.dll
0x00007ff89e930000 - 0x00007ff89f3ed000 	C:\Program Files\OpenJDK\jdk-11.0.8.10-hotspot\bin\server\jvm.dll
0x00007ff8dfb50000 - 0x00007ff8dfb59000 	C:\Windows\SYSTEM32\WSOCK32.dll
0x00007ff9032d0000 - 0x00007ff90333b000 	C:\Windows\System32\WS2_32.dll
0x00007ff8e5790000 - 0x00007ff8e57b7000 	C:\Windows\SYSTEM32\WINMM.dll
0x00007ff900400000 - 0x00007ff900412000 	C:\Windows\SYSTEM32\kernel.appcore.dll
0x00007ff8f3840000 - 0x00007ff8f3850000 	C:\Program Files\OpenJDK\jdk-11.0.8.10-hotspot\bin\verify.dll
0x00007ff8ff7d0000 - 0x00007ff8ff9b4000 	C:\Windows\SYSTEM32\DBGHELP.DLL
0x00007ff8ed620000 - 0x00007ff8ed64c000 	C:\Windows\SYSTEM32\dbgcore.DLL
0x00007ff902420000 - 0x00007ff9024a2000 	C:\Windows\System32\bcryptPrimitives.dll
0x00007ff8c9fe0000 - 0x00007ff8ca008000 	C:\Program Files\OpenJDK\jdk-11.0.8.10-hotspot\bin\java.dll
0x00007ff8ecf70000 - 0x00007ff8ecf7a000 	C:\Program Files\OpenJDK\jdk-11.0.8.10-hotspot\bin\jimage.dll
0x00007ff8c15b0000 - 0x00007ff8c15e8000 	C:\Program Files\OpenJDK\jdk-11.0.8.10-hotspot\bin\jdwp.dll
0x00007ff8f60c0000 - 0x00007ff8f60ce000 	C:\Program Files\OpenJDK\jdk-11.0.8.10-hotspot\bin\instrument.dll
0x00007ff8c9fc0000 - 0x00007ff8c9fd7000 	C:\Program Files\OpenJDK\jdk-11.0.8.10-hotspot\bin\zip.dll
0x00007ff9038b0000 - 0x00007ff903ff4000 	C:\Windows\System32\SHELL32.dll
0x00007ff8ffc50000 - 0x00007ff9003e4000 	C:\Windows\SYSTEM32\windows.storage.dll
0x00007ff9015d0000 - 0x00007ff901600000 	C:\Windows\SYSTEM32\Wldp.dll
0x0000018486f80000 - 0x000001848702d000 	C:\Windows\System32\SHCORE.dll
0x00007ff903850000 - 0x00007ff9038a5000 	C:\Windows\System32\shlwapi.dll
0x00007ff901ab0000 - 0x00007ff901acf000 	C:\Windows\SYSTEM32\profapi.dll
0x00007ff8f6010000 - 0x00007ff8f601a000 	C:\Program Files\OpenJDK\jdk-11.0.8.10-hotspot\bin\dt_socket.dll
0x00007ff901330000 - 0x00007ff90139a000 	C:\Windows\System32\mswsock.dll
0x00007ff901010000 - 0x00007ff9010da000 	C:\Windows\SYSTEM32\DNSAPI.dll
0x00007ff900fd0000 - 0x00007ff90100b000 	C:\Windows\SYSTEM32\IPHLPAPI.DLL
0x0000018487880000 - 0x0000018487888000 	C:\Windows\System32\NSI.dll
0x00007ff8f2d90000 - 0x00007ff8f2e10000 	C:\Windows\System32\fwpuclnt.dll
0x00007ff901bc0000 - 0x00007ff901be7000 	C:\Windows\System32\bcrypt.dll
0x00007ff8f4920000 - 0x00007ff8f492a000 	C:\Windows\System32\rasadhlp.dll
0x00007ff8c9fa0000 - 0x00007ff8c9fb9000 	C:\Program Files\OpenJDK\jdk-11.0.8.10-hotspot\bin\net.dll
0x00007ff8f8ad0000 - 0x00007ff8f8bda000 	C:\Windows\SYSTEM32\WINHTTP.dll
0x00007ff8c9f80000 - 0x00007ff8c9f92000 	C:\Program Files\OpenJDK\jdk-11.0.8.10-hotspot\bin\nio.dll

dbghelp: loaded successfully - version: 4.0.5 - missing functions: none
symbol engine: initialized successfully - sym options: 0x614 - pdb path: .;C:\Program Files\OpenJDK\jdk-11.0.8.10-hotspot\bin;C:\Windows\SYSTEM32;C:\Windows\WinSxS\amd64_microsoft.windows.common-controls_6595b64144ccf1df_6.0.19041.1110_none_60b5254171f9507e;C:\Windows\pcdrm;C:\Program Files\OpenJDK\jdk-11.0.8.10-hotspot\bin\server

VM Arguments:
jvm_args: -agentlib:jdwp=transport=dt_socket,suspend=y,address=localhost:55956 -javaagent:C:\Users\Sangjin Kim\eclipse\jee-2022-03\eclipse\configuration\org.eclipse.osgi\422\0\.cp\lib\javaagent-shaded.jar -Dfile.encoding=MS949 
java_command: Main
java_class_path (initial): C:\Users\Sangjin Kim\Documents\sw_pro_mincode_09\PRO_220910_day1\bin
Launcher Type: SUN_STANDARD

[Global flags]
     intx CICompilerCount                          = 4                                         {product} {ergonomic}
     uint ConcGCThreads                            = 2                                         {product} {ergonomic}
     uint G1ConcRefinementThreads                  = 8                                         {product} {ergonomic}
   size_t G1HeapRegionSize                         = 1048576                                   {product} {ergonomic}
    uintx GCDrainStackTargetSize                   = 64                                        {product} {ergonomic}
   size_t InitialHeapSize                          = 264241152                                 {product} {ergonomic}
   size_t MarkStackSize                            = 4194304                                   {product} {ergonomic}
   size_t MaxHeapSize                              = 4211081216                                {product} {ergonomic}
   size_t MaxNewSize                               = 2526019584                                {product} {ergonomic}
   size_t MinHeapDeltaBytes                        = 1048576                                   {product} {ergonomic}
    uintx NonNMethodCodeHeapSize                   = 5836300                                {pd product} {ergonomic}
    uintx NonProfiledCodeHeapSize                  = 122910970                              {pd product} {ergonomic}
    uintx ProfiledCodeHeapSize                     = 122910970                              {pd product} {ergonomic}
    uintx ReservedCodeCacheSize                    = 251658240                              {pd product} {ergonomic}
     bool SegmentedCodeCache                       = true                                      {product} {ergonomic}
     bool UseCompressedClassPointers               = true                                 {lp64_product} {ergonomic}
     bool UseCompressedOops                        = true                                 {lp64_product} {ergonomic}
     bool UseG1GC                                  = true                                      {product} {ergonomic}
     bool UseLargePagesIndividualAllocation        = false                                  {pd product} {ergonomic}

Logging:
Log output configuration:
 #0: stdout all=warning uptime,level,tags
 #1: stderr all=off uptime,level,tags

Environment Variables:
JAVA_HOME=C:\Program Files\OpenJDK\jdk-11.0.8.10-hotspot\
PATH=C:/Program Files/OpenJDK/jdk-11.0.8.10-hotspot/bin/server;C:/Program Files/OpenJDK/jdk-11.0.8.10-hotspot/bin;C:\Program Files\OpenJDK\jdk-11.0.8.10-hotspot\bin;C:\Windows\system32;C:\Windows;C:\Windows\System32\Wbem;C:\Windows\System32\WindowsPowerShell\v1.0\;C:\Windows\System32\OpenSSH\;C:\Program Files\Git\cmd;C:\Program Files\dotnet\;C:\Users\Sangjin Kim\AppData\Local\Microsoft\WindowsApps;;C:\Users\Sangjin Kim\AppData\Local\Programs\Microsoft VS Code\bin;C:\Windows\System32;
USERNAME=Sangjin Kim
OS=Windows_NT
PROCESSOR_IDENTIFIER=Intel64 Family 6 Model 140 Stepping 1, GenuineIntel



---------------  S Y S T E M  ---------------

OS: Windows 10 , 64 bit Build 19041 (10.0.19041.1889)
OS uptime: 14 days 3:23 hours

CPU:total 8 (initial active 8) (4 cores per cpu, 2 threads per core) family 6 model 140 stepping 1, cmov, cx8, fxsr, mmx, sse, sse2, sse3, ssse3, sse4.1, sse4.2, popcnt, avx, avx2, aes, clmul, erms, 3dnowpref, lzcnt, ht, tsc, tscinvbit, bmi1, bmi2, adx, evex, sha, fma

Memory: 4k page, system-wide physical 16057M (6290M free)
TotalPageFile size 37586M (AvailPageFile size 3919M)
current process WorkingSet (physical memory assigned to process): 54M, peak: 58M
current process commit charge ("private bytes"): 345M, peak: 349M

vm_info: OpenJDK 64-Bit Server VM (11.0.8-internal+0-adhoc..jdk11u) for windows-amd64 JRE (11.0.8-internal+0-adhoc..jdk11u), built on Jul 17 2020 14:11:18 by "" with MS VC++ 15.9 (VS2017)

END.
